  Game.cpp
d:\itp380\lab04\game.cpp(235): warning C4018: '<': signed/unsigned mismatch
d:\itp380\lab04\game.cpp(240): warning C4244: 'argument': conversion from 'int' to 'float', possible loss of data
d:\itp380\lab04\game.cpp(246): warning C4244: 'argument': conversion from 'int' to 'float', possible loss of data
d:\itp380\lab04\game.cpp(252): warning C4244: 'argument': conversion from 'int' to 'float', possible loss of data
d:\itp380\lab04\game.cpp(258): warning C4244: 'argument': conversion from 'int' to 'float', possible loss of data
d:\itp380\lab04\game.cpp(264): warning C4244: 'argument': conversion from 'int' to 'float', possible loss of data
d:\itp380\lab04\game.cpp(270): warning C4244: 'argument': conversion from 'int' to 'float', possible loss of data
d:\itp380\lab04\game.cpp(276): warning C4244: 'argument': conversion from 'int' to 'float', possible loss of data
d:\itp380\lab04\game.cpp(282): warning C4244: 'argument': conversion from 'int' to 'float', possible loss of data
d:\itp380\lab04\game.cpp(288): warning C4244: 'argument': conversion from 'int' to 'float', possible loss of data
d:\itp380\lab04\game.cpp(294): warning C4244: 'argument': conversion from 'int' to 'float', possible loss of data
  Game.vcxproj -> D:\itp380\Lab04\Debug\Game.exe
  D:\itp380\Lab04\\..\Libraries\SDL\lib\win\x86\libfreetype-6.dll
  D:\itp380\Lab04\\..\Libraries\SDL\lib\win\x86\libogg-0.dll
  D:\itp380\Lab04\\..\Libraries\SDL\lib\win\x86\libpng16-16.dll
  D:\itp380\Lab04\\..\Libraries\SDL\lib\win\x86\libvorbis-0.dll
  D:\itp380\Lab04\\..\Libraries\SDL\lib\win\x86\libvorbisfile-3.dll
  D:\itp380\Lab04\\..\Libraries\SDL\lib\win\x86\SDL2.dll
  D:\itp380\Lab04\\..\Libraries\SDL\lib\win\x86\SDL2_image.dll
  D:\itp380\Lab04\\..\Libraries\SDL\lib\win\x86\SDL2_mixer.dll
  D:\itp380\Lab04\\..\Libraries\SDL\lib\win\x86\SDL2_ttf.dll
  D:\itp380\Lab04\\..\Libraries\SDL\lib\win\x86\zlib1.dll
  10 File(s) copied
  D:\itp380\Lab04\\..\Libraries\GLEW\lib\win\x86\glew32.dll
  1 File(s) copied
