  CollisionComponent.cpp
d:\itp380\lab03\collisioncomponent.cpp(43): warning C4244: 'initializing': conversion from 'const float' to 'int', possible loss of data
d:\itp380\lab03\collisioncomponent.cpp(44): warning C4244: 'initializing': conversion from 'const float' to 'int', possible loss of data
d:\itp380\lab03\collisioncomponent.cpp(46): warning C4244: 'initializing': conversion from 'float' to 'int', possible loss of data
d:\itp380\lab03\collisioncomponent.cpp(47): warning C4244: 'initializing': conversion from 'float' to 'int', possible loss of data
d:\itp380\lab03\collisioncomponent.cpp(48): warning C4244: 'argument': conversion from 'int' to 'float', possible loss of data
d:\itp380\lab03\collisioncomponent.cpp(56): warning C4244: 'initializing': conversion from 'const float' to 'int', possible loss of data
d:\itp380\lab03\collisioncomponent.cpp(57): warning C4244: 'initializing': conversion from 'const float' to 'int', possible loss of data
d:\itp380\lab03\collisioncomponent.cpp(59): warning C4244: 'initializing': conversion from 'float' to 'int', possible loss of data
d:\itp380\lab03\collisioncomponent.cpp(60): warning C4244: 'initializing': conversion from 'float' to 'int', possible loss of data
d:\itp380\lab03\collisioncomponent.cpp(61): warning C4244: 'argument': conversion from 'int' to 'float', possible loss of data
d:\itp380\lab03\collisioncomponent.cpp(84): warning C4244: 'initializing': conversion from 'float' to 'int', possible loss of data
d:\itp380\lab03\collisioncomponent.cpp(85): warning C4244: 'initializing': conversion from 'float' to 'int', possible loss of data
d:\itp380\lab03\collisioncomponent.cpp(86): warning C4244: 'initializing': conversion from 'float' to 'int', possible loss of data
d:\itp380\lab03\collisioncomponent.cpp(87): warning C4244: 'initializing': conversion from 'float' to 'int', possible loss of data
d:\itp380\lab03\collisioncomponent.cpp(90): warning C4244: 'initializing': conversion from 'float' to 'int', possible loss of data
d:\itp380\lab03\collisioncomponent.cpp(91): warning C4244: 'initializing': conversion from 'float' to 'int', possible loss of data
d:\itp380\lab03\collisioncomponent.cpp(92): warning C4244: 'initializing': conversion from 'float' to 'int', possible loss of data
d:\itp380\lab03\collisioncomponent.cpp(93): warning C4244: 'initializing': conversion from 'float' to 'int', possible loss of data
d:\itp380\lab03\collisioncomponent.cpp(95): warning C4244: '=': conversion from 'int' to 'float', possible loss of data
d:\itp380\lab03\collisioncomponent.cpp(96): warning C4244: '=': conversion from 'int' to 'float', possible loss of data
d:\itp380\lab03\collisioncomponent.cpp(97): warning C4244: '=': conversion from 'int' to 'float', possible loss of data
d:\itp380\lab03\collisioncomponent.cpp(98): warning C4244: '=': conversion from 'int' to 'float', possible loss of data
  Game.vcxproj -> D:\itp380\Lab03\Debug\Game.exe
  D:\itp380\Lab03\\..\Libraries\SDL\lib\win\x86\libfreetype-6.dll
  D:\itp380\Lab03\\..\Libraries\SDL\lib\win\x86\libogg-0.dll
  D:\itp380\Lab03\\..\Libraries\SDL\lib\win\x86\libpng16-16.dll
  D:\itp380\Lab03\\..\Libraries\SDL\lib\win\x86\libvorbis-0.dll
  D:\itp380\Lab03\\..\Libraries\SDL\lib\win\x86\libvorbisfile-3.dll
  D:\itp380\Lab03\\..\Libraries\SDL\lib\win\x86\SDL2.dll
  D:\itp380\Lab03\\..\Libraries\SDL\lib\win\x86\SDL2_image.dll
  D:\itp380\Lab03\\..\Libraries\SDL\lib\win\x86\SDL2_mixer.dll
  D:\itp380\Lab03\\..\Libraries\SDL\lib\win\x86\SDL2_ttf.dll
  D:\itp380\Lab03\\..\Libraries\SDL\lib\win\x86\zlib1.dll
  10 File(s) copied
  D:\itp380\Lab03\\..\Libraries\GLEW\lib\win\x86\glew32.dll
  1 File(s) copied
