  Actor.cpp
e:\kevinazhou.github.io\zelda clone\actor.h(3): fatal error C1083: Cannot open include file: 'SDL/SDL_stdinc.h': No such file or directory
  AnimatedSprite.cpp
e:\kevinazhou.github.io\zelda clone\component.h(2): fatal error C1083: Cannot open include file: 'SDL/SDL_stdinc.h': No such file or directory
  Bat.cpp
e:\kevinazhou.github.io\zelda clone\actor.h(3): fatal error C1083: Cannot open include file: 'SDL/SDL_stdinc.h': No such file or directory
  Boss.cpp
e:\kevinazhou.github.io\zelda clone\actor.h(3): fatal error C1083: Cannot open include file: 'SDL/SDL_stdinc.h': No such file or directory
  CollisionComponent.cpp
e:\kevinazhou.github.io\zelda clone\component.h(2): fatal error C1083: Cannot open include file: 'SDL/SDL_stdinc.h': No such file or directory
  Component.cpp
e:\kevinazhou.github.io\zelda clone\component.h(2): fatal error C1083: Cannot open include file: 'SDL/SDL_stdinc.h': No such file or directory
  Door.cpp
e:\kevinazhou.github.io\zelda clone\actor.h(3): fatal error C1083: Cannot open include file: 'SDL/SDL_stdinc.h': No such file or directory
  EnemyComponent.cpp
e:\kevinazhou.github.io\zelda clone\component.h(2): fatal error C1083: Cannot open include file: 'SDL/SDL_stdinc.h': No such file or directory
  Game.cpp
e:\kevinazhou.github.io\zelda clone\game.h(4): fatal error C1083: Cannot open include file: 'SDL/SDL.h': No such file or directory
  Key.cpp
e:\kevinazhou.github.io\zelda clone\actor.h(3): fatal error C1083: Cannot open include file: 'SDL/SDL_stdinc.h': No such file or directory
  Main.cpp
e:\kevinazhou.github.io\zelda clone\game.h(4): fatal error C1083: Cannot open include file: 'SDL/SDL.h': No such file or directory
  Math.cpp
  MoveComponent.cpp
e:\kevinazhou.github.io\zelda clone\component.h(2): fatal error C1083: Cannot open include file: 'SDL/SDL_stdinc.h': No such file or directory
  Random.cpp
  SecretBlock.cpp
e:\kevinazhou.github.io\zelda clone\actor.h(3): fatal error C1083: Cannot open include file: 'SDL/SDL_stdinc.h': No such file or directory
  Skeleton.cpp
e:\kevinazhou.github.io\zelda clone\actor.h(3): fatal error C1083: Cannot open include file: 'SDL/SDL_stdinc.h': No such file or directory
  SpriteComponent.cpp
e:\kevinazhou.github.io\zelda clone\component.h(2): fatal error C1083: Cannot open include file: 'SDL/SDL_stdinc.h': No such file or directory
  TiledBGComponent.cpp
e:\kevinazhou.github.io\zelda clone\component.h(2): fatal error C1083: Cannot open include file: 'SDL/SDL_stdinc.h': No such file or directory
  Triforce.cpp
e:\kevinazhou.github.io\zelda clone\actor.h(3): fatal error C1083: Cannot open include file: 'SDL/SDL_stdinc.h': No such file or directory
  Generating Code...
